  [1m[35m (0.3ms)[0m  [1m[35mCREATE TABLE "schema_migrations" ("version" varchar NOT NULL PRIMARY KEY)[0m
  [1m[35m (0.1ms)[0m  [1m[35mCREATE TABLE "ar_internal_metadata" ("key" varchar NOT NULL PRIMARY KEY, "value" varchar, "created_at" datetime(6) NOT NULL, "updated_at" datetime(6) NOT NULL)[0m
  [1m[36mActiveRecord::InternalMetadata Load (0.0ms)[0m  [1m[34mSELECT * FROM "ar_internal_metadata" WHERE "ar_internal_metadata"."key" = ? ORDER BY "ar_internal_metadata"."key" ASC LIMIT 1[0m  [[nil, "environment"]]
  [1m[36mActiveRecord::InternalMetadata Create (0.0ms)[0m  [1m[32mINSERT INTO "ar_internal_metadata" ("key", "value", "created_at", "updated_at") VALUES ('environment', 'development', '2024-07-07 06:48:05.110028', '2024-07-07 06:48:05.110029') RETURNING "key"[0m
  [1m[36mActiveRecord::SchemaMigration Load (0.1ms)[0m  [1m[34mSELECT "schema_migrations"."version" FROM "schema_migrations" ORDER BY "schema_migrations"."version" ASC[0m
Migrating to DeviseCreateUsers (20240707064709)
  [1m[36mTRANSACTION (0.0ms)[0m  [1m[36mbegin transaction[0m
  [1m[35m (0.9ms)[0m  [1m[35mCREATE TABLE "users" ("id" integer PRIMARY KEY AUTOINCREMENT NOT NULL, "email" varchar DEFAULT '' NOT NULL, "encrypted_password" varchar DEFAULT '' NOT NULL, "reset_password_token" varchar, "reset_password_sent_at" datetime(6), "remember_created_at" datetime(6), "created_at" datetime(6) NOT NULL, "updated_at" datetime(6) NOT NULL)[0m
  [1m[35m (0.0ms)[0m  [1m[35mCREATE UNIQUE INDEX "index_users_on_email" ON "users" ("email")[0m
  [1m[35m (0.0ms)[0m  [1m[35mCREATE UNIQUE INDEX "index_users_on_reset_password_token" ON "users" ("reset_password_token")[0m
  [1m[36mActiveRecord::SchemaMigration Create (0.0ms)[0m  [1m[32mINSERT INTO "schema_migrations" ("version") VALUES ('20240707064709') RETURNING "version"[0m
  [1m[36mTRANSACTION (0.1ms)[0m  [1m[36mcommit transaction[0m
  [1m[36mActiveRecord::SchemaMigration Load (0.0ms)[0m  [1m[34mSELECT "schema_migrations"."version" FROM "schema_migrations" ORDER BY "schema_migrations"."version" ASC[0m
  [1m[36mActiveRecord::SchemaMigration Load (0.1ms)[0m  [1m[34mSELECT "schema_migrations"."version" FROM "schema_migrations" ORDER BY "schema_migrations"."version" ASC[0m
  [1m[36mTRANSACTION (0.1ms)[0m  [1m[36mbegin transaction[0m
  [1m[36mUser Exists? (0.5ms)[0m  [1m[34mSELECT 1 AS one FROM "users" WHERE "users"."email" = ? LIMIT ?[0m  [["email", "user1@example.com"], ["LIMIT", 1]]
  [1m[36mUser Create (0.5ms)[0m  [1m[32mINSERT INTO "users" ("email", "encrypted_password", "reset_password_token", "reset_password_sent_at", "remember_created_at", "created_at", "updated_at") VALUES (?, ?, ?, ?, ?, ?, ?) RETURNING "id"[0m  [["email", "user1@example.com"], ["encrypted_password", "[FILTERED]"], ["reset_password_token", "[FILTERED]"], ["reset_password_sent_at", "[FILTERED]"], ["remember_created_at", nil], ["created_at", "2024-07-07 06:57:43.004133"], ["updated_at", "2024-07-07 06:57:43.004133"]]
  [1m[36mTRANSACTION (0.1ms)[0m  [1m[36mcommit transaction[0m
  [1m[36mTRANSACTION (0.0ms)[0m  [1m[36mbegin transaction[0m
  [1m[36mUser Exists? (0.5ms)[0m  [1m[34mSELECT 1 AS one FROM "users" WHERE "users"."email" = ? LIMIT ?[0m  [["email", "user2@example.com"], ["LIMIT", 1]]
  [1m[36mUser Create (0.9ms)[0m  [1m[32mINSERT INTO "users" ("email", "encrypted_password", "reset_password_token", "reset_password_sent_at", "remember_created_at", "created_at", "updated_at") VALUES (?, ?, ?, ?, ?, ?, ?) RETURNING "id"[0m  [["email", "user2@example.com"], ["encrypted_password", "[FILTERED]"], ["reset_password_token", "[FILTERED]"], ["reset_password_sent_at", "[FILTERED]"], ["remember_created_at", nil], ["created_at", "2024-07-07 06:57:43.265332"], ["updated_at", "2024-07-07 06:57:43.265332"]]
  [1m[36mTRANSACTION (0.0ms)[0m  [1m[36mcommit transaction[0m
Started GET "/" for ::1 at 2024-07-07 15:57:53 +0900
  [1m[36mActiveRecord::SchemaMigration Load (0.0ms)[0m  [1m[34mSELECT "schema_migrations"."version" FROM "schema_migrations" ORDER BY "schema_migrations"."version" ASC[0m
Processing by Rails::WelcomeController#index as HTML
  Rendering /Users/j.em.in/.rbenv/versions/3.3.3/lib/ruby/gems/3.3.0/gems/railties-7.1.3.4/lib/rails/templates/rails/welcome/index.html.erb
  Rendered /Users/j.em.in/.rbenv/versions/3.3.3/lib/ruby/gems/3.3.0/gems/railties-7.1.3.4/lib/rails/templates/rails/welcome/index.html.erb (Duration: 0.3ms | Allocations: 363)
Completed 200 OK in 22ms (Views: 4.2ms | ActiveRecord: 0.0ms | Allocations: 8819)


Started GET "/users/sign_in" for ::1 at 2024-07-07 15:57:56 +0900
Processing by Devise::SessionsController#new as HTML
  Rendering layout layouts/application.html.erb
  Rendering devise/sessions/new.html.erb within layouts/application
  Rendered devise/shared/_links.html.erb (Duration: 0.6ms | Allocations: 545)
  Rendered devise/sessions/new.html.erb within layouts/application (Duration: 11.6ms | Allocations: 4194)
  Rendered layout layouts/application.html.erb (Duration: 152.3ms | Allocations: 100159)
Completed 200 OK in 180ms (Views: 154.9ms | ActiveRecord: 2.6ms | Allocations: 116449)


Started GET "/users/sign_up" for ::1 at 2024-07-07 15:58:23 +0900
Processing by Devise::RegistrationsController#new as HTML
  Rendering layout layouts/application.html.erb
  Rendering devise/registrations/new.html.erb within layouts/application
  Rendered devise/shared/_error_messages.html.erb (Duration: 0.3ms | Allocations: 212)
  Rendered devise/shared/_links.html.erb (Duration: 0.1ms | Allocations: 81)
  Rendered devise/registrations/new.html.erb within layouts/application (Duration: 2.8ms | Allocations: 1549)
  Rendered layout layouts/application.html.erb (Duration: 4.2ms | Allocations: 2607)
Completed 200 OK in 17ms (Views: 5.4ms | ActiveRecord: 0.0ms | Allocations: 6125)


Started POST "/users/sign_in" for ::1 at 2024-07-07 15:58:23 +0900
Processing by Devise::SessionsController#create as TURBO_STREAM
  Parameters: {"authenticity_token"=>"[FILTERED]", "user"=>{"email"=>"user1@example.com", "password"=>"[FILTERED]", "remember_me"=>"0"}, "commit"=>"Log in"}
  [1m[36mUser Load (0.2ms)[0m  [1m[34mSELECT "users".* FROM "users" WHERE "users"."email" = ? ORDER BY "users"."id" ASC LIMIT ?[0m  [["email", "user1@example.com"], ["LIMIT", 1]]
Redirected to http://localhost:3000/home/top
Completed 303 See Other in 296ms (ActiveRecord: 0.2ms | Allocations: 7801)


Started GET "/home/top" for ::1 at 2024-07-07 15:58:24 +0900
Processing by HomeController#top as TURBO_STREAM
  Rendering layout layouts/application.html.erb
  Rendering home/top.html.erb within layouts/application
  Rendered home/top.html.erb within layouts/application (Duration: 0.3ms | Allocations: 222)
  Rendered layout layouts/application.html.erb (Duration: 1.1ms | Allocations: 1760)
Completed 200 OK in 2ms (Views: 1.7ms | ActiveRecord: 0.0ms | Allocations: 2512)


Started GET "/users/edit" for ::1 at 2024-07-07 15:58:25 +0900
Processing by Devise::RegistrationsController#edit as HTML
  [1m[36mUser Load (0.2ms)[0m  [1m[34mSELECT "users".* FROM "users" WHERE "users"."id" = ? ORDER BY "users"."id" ASC LIMIT ?[0m  [["id", 1], ["LIMIT", 1]]
  Rendering layout layouts/application.html.erb
  Rendering devise/registrations/edit.html.erb within layouts/application
  Rendered devise/shared/_error_messages.html.erb (Duration: 0.0ms | Allocations: 13)
  Rendered devise/registrations/edit.html.erb within layouts/application (Duration: 2.9ms | Allocations: 1637)
  Rendered layout layouts/application.html.erb (Duration: 4.9ms | Allocations: 2696)
Completed 200 OK in 9ms (Views: 6.0ms | ActiveRecord: 0.2ms | Allocations: 4666)


Started PUT "/users" for ::1 at 2024-07-07 15:58:43 +0900
Processing by Devise::RegistrationsController#update as TURBO_STREAM
  Parameters: {"authenticity_token"=>"[FILTERED]", "user"=>{"email"=>"user1@example.co", "password"=>"[FILTERED]", "password_confirmation"=>"[FILTERED]", "current_password"=>"[FILTERED]"}, "commit"=>"Update"}
  [1m[36mUser Load (0.1ms)[0m  [1m[34mSELECT "users".* FROM "users" WHERE "users"."id" = ? ORDER BY "users"."id" ASC LIMIT ?[0m  [["id", 1], ["LIMIT", 1]]
  [1m[36mUser Load (0.2ms)[0m  [1m[34mSELECT "users".* FROM "users" WHERE "users"."id" = ? LIMIT ?[0m  [["id", 1], ["LIMIT", 1]]
  [1m[36mTRANSACTION (0.0ms)[0m  [1m[36mbegin transaction[0m
  [1m[36mUser Exists? (1.2ms)[0m  [1m[34mSELECT 1 AS one FROM "users" WHERE "users"."email" = ? AND "users"."id" != ? LIMIT ?[0m  [["email", "user1@example.co"], ["id", 1], ["LIMIT", 1]]
  [1m[36mUser Update (0.0ms)[0m  [1m[33mUPDATE "users" SET "email" = ?, "encrypted_password" = ?, "updated_at" = ? WHERE "users"."id" = ?[0m  [["email", "user1@example.co"], ["encrypted_password", "[FILTERED]"], ["updated_at", "2024-07-07 06:58:43.734956"], ["id", 1]]
  [1m[36mTRANSACTION (1.0ms)[0m  [1m[36mcommit transaction[0m
Redirected to http://localhost:3000/
Completed 303 See Other in 563ms (ActiveRecord: 2.6ms | Allocations: 10961)


Started GET "/" for ::1 at 2024-07-07 15:58:43 +0900
Processing by Rails::WelcomeController#index as TURBO_STREAM
  Rendering /Users/j.em.in/.rbenv/versions/3.3.3/lib/ruby/gems/3.3.0/gems/railties-7.1.3.4/lib/rails/templates/rails/welcome/index.html.erb
  Rendered /Users/j.em.in/.rbenv/versions/3.3.3/lib/ruby/gems/3.3.0/gems/railties-7.1.3.4/lib/rails/templates/rails/welcome/index.html.erb (Duration: 0.0ms | Allocations: 13)
Completed 200 OK in 0ms (Views: 0.1ms | ActiveRecord: 0.0ms | Allocations: 206)


Started GET "/" for ::1 at 2024-07-07 15:58:43 +0900
Processing by Rails::WelcomeController#index as HTML
  Rendering /Users/j.em.in/.rbenv/versions/3.3.3/lib/ruby/gems/3.3.0/gems/railties-7.1.3.4/lib/rails/templates/rails/welcome/index.html.erb
  Rendered /Users/j.em.in/.rbenv/versions/3.3.3/lib/ruby/gems/3.3.0/gems/railties-7.1.3.4/lib/rails/templates/rails/welcome/index.html.erb (Duration: 0.0ms | Allocations: 13)
Completed 200 OK in 0ms (Views: 0.2ms | ActiveRecord: 0.0ms | Allocations: 201)


Started GET "/users/sign_in" for ::1 at 2024-07-07 15:58:55 +0900
Processing by Devise::SessionsController#new as HTML
  [1m[36mUser Load (0.1ms)[0m  [1m[34mSELECT "users".* FROM "users" WHERE "users"."id" = ? ORDER BY "users"."id" ASC LIMIT ?[0m  [["id", 1], ["LIMIT", 1]]
Redirected to http://localhost:3000/home/top
Filter chain halted as :require_no_authentication rendered or redirected
Completed 302 Found in 4ms (ActiveRecord: 0.1ms | Allocations: 1732)


Started GET "/home/top" for ::1 at 2024-07-07 15:58:55 +0900
Processing by HomeController#top as HTML
  Rendering layout layouts/application.html.erb
  Rendering home/top.html.erb within layouts/application
  Rendered home/top.html.erb within layouts/application (Duration: 4.1ms | Allocations: 63)
  Rendered layout layouts/application.html.erb (Duration: 6.2ms | Allocations: 1505)
Completed 200 OK in 7ms (Views: 6.7ms | ActiveRecord: 0.0ms | Allocations: 1745)


Started DELETE "/users/sign_out?_method=delete" for ::1 at 2024-07-07 15:58:57 +0900
Processing by Devise::SessionsController#destroy as TURBO_STREAM
  [1m[36mUser Load (0.2ms)[0m  [1m[34mSELECT "users".* FROM "users" WHERE "users"."id" = ? ORDER BY "users"."id" ASC LIMIT ?[0m  [["id", 1], ["LIMIT", 1]]
Redirected to http://localhost:3000/users/sign_in
Completed 303 See Other in 22ms (ActiveRecord: 0.2ms | Allocations: 4205)


Started GET "/users/sign_in" for ::1 at 2024-07-07 15:58:57 +0900
Processing by Devise::SessionsController#new as TURBO_STREAM
  Rendering layout layouts/application.html.erb
  Rendering devise/sessions/new.html.erb within layouts/application
  Rendered devise/shared/_links.html.erb (Duration: 0.1ms | Allocations: 113)
  Rendered devise/sessions/new.html.erb within layouts/application (Duration: 1.1ms | Allocations: 870)
  Rendered layout layouts/application.html.erb (Duration: 2.3ms | Allocations: 1929)
Completed 200 OK in 4ms (Views: 2.7ms | ActiveRecord: 0.0ms | Allocations: 2700)


Started POST "/users/sign_in" for ::1 at 2024-07-07 15:59:07 +0900
Processing by Devise::SessionsController#create as TURBO_STREAM
  Parameters: {"authenticity_token"=>"[FILTERED]", "user"=>{"email"=>"user1@example.com", "password"=>"[FILTERED]", "remember_me"=>"0"}, "commit"=>"Log in"}
  [1m[36mUser Load (0.2ms)[0m  [1m[34mSELECT "users".* FROM "users" WHERE "users"."email" = ? ORDER BY "users"."id" ASC LIMIT ?[0m  [["email", "user1@example.com"], ["LIMIT", 1]]
Completed 401 Unauthorized in 6ms (ActiveRecord: 0.2ms | Allocations: 1713)


Processing by Devise::SessionsController#new as TURBO_STREAM
  Parameters: {"authenticity_token"=>"[FILTERED]", "user"=>{"email"=>"user1@example.com", "password"=>"[FILTERED]", "remember_me"=>"0"}, "commit"=>"Log in"}
  Rendering layout layouts/application.html.erb
  Rendering devise/sessions/new.html.erb within layouts/application
  Rendered devise/shared/_links.html.erb (Duration: 0.1ms | Allocations: 111)
  Rendered devise/sessions/new.html.erb within layouts/application (Duration: 1.0ms | Allocations: 860)
  Rendered layout layouts/application.html.erb (Duration: 1.7ms | Allocations: 1915)
Completed 200 OK in 294ms (Views: 2.1ms | ActiveRecord: 0.0ms | Allocations: 2403)


Started POST "/users/sign_in" for ::1 at 2024-07-07 15:59:13 +0900
Processing by Devise::SessionsController#create as TURBO_STREAM
  Parameters: {"authenticity_token"=>"[FILTERED]", "user"=>{"email"=>"user1@example.com", "password"=>"[FILTERED]", "remember_me"=>"0"}, "commit"=>"Log in"}
  [1m[36mUser Load (0.2ms)[0m  [1m[34mSELECT "users".* FROM "users" WHERE "users"."email" = ? ORDER BY "users"."id" ASC LIMIT ?[0m  [["email", "user1@example.com"], ["LIMIT", 1]]
Completed 401 Unauthorized in 6ms (ActiveRecord: 0.2ms | Allocations: 1765)


Processing by Devise::SessionsController#new as TURBO_STREAM
  Parameters: {"authenticity_token"=>"[FILTERED]", "user"=>{"email"=>"user1@example.com", "password"=>"[FILTERED]", "remember_me"=>"0"}, "commit"=>"Log in"}
  Rendering layout layouts/application.html.erb
  Rendering devise/sessions/new.html.erb within layouts/application
  Rendered devise/shared/_links.html.erb (Duration: 0.1ms | Allocations: 111)
  Rendered devise/sessions/new.html.erb within layouts/application (Duration: 0.8ms | Allocations: 852)
  Rendered layout layouts/application.html.erb (Duration: 1.6ms | Allocations: 1907)
Completed 200 OK in 295ms (Views: 2.1ms | ActiveRecord: 0.0ms | Allocations: 2392)


Started POST "/users/sign_in" for ::1 at 2024-07-07 15:59:21 +0900
Processing by Devise::SessionsController#create as TURBO_STREAM
  Parameters: {"authenticity_token"=>"[FILTERED]", "user"=>{"email"=>"user1@example.com", "password"=>"[FILTERED]", "remember_me"=>"0"}, "commit"=>"Log in"}
  [1m[36mUser Load (0.1ms)[0m  [1m[34mSELECT "users".* FROM "users" WHERE "users"."email" = ? ORDER BY "users"."id" ASC LIMIT ?[0m  [["email", "user1@example.com"], ["LIMIT", 1]]
Completed 401 Unauthorized in 18ms (ActiveRecord: 0.1ms | Allocations: 1680)


Processing by Devise::SessionsController#new as TURBO_STREAM
  Parameters: {"authenticity_token"=>"[FILTERED]", "user"=>{"email"=>"user1@example.com", "password"=>"[FILTERED]", "remember_me"=>"0"}, "commit"=>"Log in"}
  Rendering layout layouts/application.html.erb
  Rendering devise/sessions/new.html.erb within layouts/application
  Rendered devise/shared/_links.html.erb (Duration: 0.1ms | Allocations: 111)
  Rendered devise/sessions/new.html.erb within layouts/application (Duration: 0.7ms | Allocations: 852)
  Rendered layout layouts/application.html.erb (Duration: 1.5ms | Allocations: 1911)
Completed 200 OK in 289ms (Views: 1.8ms | ActiveRecord: 0.0ms | Allocations: 2399)


Started POST "/users/sign_in" for ::1 at 2024-07-07 15:59:32 +0900
Processing by Devise::SessionsController#create as TURBO_STREAM
  Parameters: {"authenticity_token"=>"[FILTERED]", "user"=>{"email"=>"user1@example.com", "password"=>"[FILTERED]", "remember_me"=>"0"}, "commit"=>"Log in"}
  [1m[36mUser Load (0.2ms)[0m  [1m[34mSELECT "users".* FROM "users" WHERE "users"."email" = ? ORDER BY "users"."id" ASC LIMIT ?[0m  [["email", "user1@example.com"], ["LIMIT", 1]]
Completed 401 Unauthorized in 5ms (ActiveRecord: 0.2ms | Allocations: 1702)


Processing by Devise::SessionsController#new as TURBO_STREAM
  Parameters: {"authenticity_token"=>"[FILTERED]", "user"=>{"email"=>"user1@example.com", "password"=>"[FILTERED]", "remember_me"=>"0"}, "commit"=>"Log in"}
  Rendering layout layouts/application.html.erb
  Rendering devise/sessions/new.html.erb within layouts/application
  Rendered devise/shared/_links.html.erb (Duration: 0.1ms | Allocations: 111)
  Rendered devise/sessions/new.html.erb within layouts/application (Duration: 0.8ms | Allocations: 852)
  Rendered layout layouts/application.html.erb (Duration: 1.9ms | Allocations: 1907)
Completed 200 OK in 295ms (Views: 2.8ms | ActiveRecord: 0.0ms | Allocations: 2396)


Started POST "/users/sign_in" for ::1 at 2024-07-07 15:59:45 +0900
Processing by Devise::SessionsController#create as TURBO_STREAM
  Parameters: {"authenticity_token"=>"[FILTERED]", "user"=>{"email"=>"user1@example.co", "password"=>"[FILTERED]", "remember_me"=>"0"}, "commit"=>"Log in"}
  [1m[36mUser Load (0.2ms)[0m  [1m[34mSELECT "users".* FROM "users" WHERE "users"."email" = ? ORDER BY "users"."id" ASC LIMIT ?[0m  [["email", "user1@example.co"], ["LIMIT", 1]]
Redirected to http://localhost:3000/home/top
Completed 303 See Other in 297ms (ActiveRecord: 0.2ms | Allocations: 2546)


Started GET "/home/top" for ::1 at 2024-07-07 15:59:45 +0900
Processing by HomeController#top as TURBO_STREAM
  Rendering layout layouts/application.html.erb
  Rendering home/top.html.erb within layouts/application
  Rendered home/top.html.erb within layouts/application (Duration: 0.1ms | Allocations: 63)
  Rendered layout layouts/application.html.erb (Duration: 0.9ms | Allocations: 1502)
Completed 200 OK in 1ms (Views: 1.0ms | ActiveRecord: 0.0ms | Allocations: 1745)


Started GET "/users/edit" for ::1 at 2024-07-07 15:59:48 +0900
Processing by Devise::RegistrationsController#edit as HTML
  [1m[36mUser Load (0.2ms)[0m  [1m[34mSELECT "users".* FROM "users" WHERE "users"."id" = ? ORDER BY "users"."id" ASC LIMIT ?[0m  [["id", 1], ["LIMIT", 1]]
  Rendering layout layouts/application.html.erb
  Rendering devise/registrations/edit.html.erb within layouts/application
  Rendered devise/shared/_error_messages.html.erb (Duration: 0.1ms | Allocations: 13)
  Rendered devise/registrations/edit.html.erb within layouts/application (Duration: 3.2ms | Allocations: 1127)
  Rendered layout layouts/application.html.erb (Duration: 5.4ms | Allocations: 2182)
Completed 200 OK in 11ms (Views: 6.3ms | ActiveRecord: 0.2ms | Allocations: 4007)


Started PUT "/users" for ::1 at 2024-07-07 16:00:12 +0900
Processing by Devise::RegistrationsController#update as TURBO_STREAM
  Parameters: {"authenticity_token"=>"[FILTERED]", "user"=>{"email"=>"user1@example.com", "password"=>"[FILTERED]", "password_confirmation"=>"[FILTERED]", "current_password"=>"[FILTERED]"}, "commit"=>"Update"}
  [1m[36mUser Load (0.2ms)[0m  [1m[34mSELECT "users".* FROM "users" WHERE "users"."id" = ? ORDER BY "users"."id" ASC LIMIT ?[0m  [["id", 1], ["LIMIT", 1]]
  [1m[36mUser Load (0.1ms)[0m  [1m[34mSELECT "users".* FROM "users" WHERE "users"."id" = ? LIMIT ?[0m  [["id", 1], ["LIMIT", 1]]
  [1m[36mTRANSACTION (0.0ms)[0m  [1m[36mbegin transaction[0m
  [1m[36mUser Exists? (0.6ms)[0m  [1m[34mSELECT 1 AS one FROM "users" WHERE "users"."email" = ? AND "users"."id" != ? LIMIT ?[0m  [["email", "user1@example.com"], ["id", 1], ["LIMIT", 1]]
  [1m[36mUser Update (0.0ms)[0m  [1m[33mUPDATE "users" SET "email" = ?, "updated_at" = ? WHERE "users"."id" = ?[0m  [["email", "user1@example.com"], ["updated_at", "2024-07-07 07:00:12.646734"], ["id", 1]]
  [1m[36mTRANSACTION (1.0ms)[0m  [1m[36mcommit transaction[0m
Redirected to http://localhost:3000/
Completed 303 See Other in 304ms (ActiveRecord: 1.9ms | Allocations: 8284)


Started GET "/" for ::1 at 2024-07-07 16:00:12 +0900
Processing by Rails::WelcomeController#index as TURBO_STREAM
  Rendering /Users/j.em.in/.rbenv/versions/3.3.3/lib/ruby/gems/3.3.0/gems/railties-7.1.3.4/lib/rails/templates/rails/welcome/index.html.erb
  Rendered /Users/j.em.in/.rbenv/versions/3.3.3/lib/ruby/gems/3.3.0/gems/railties-7.1.3.4/lib/rails/templates/rails/welcome/index.html.erb (Duration: 0.0ms | Allocations: 13)
Completed 200 OK in 0ms (Views: 0.2ms | ActiveRecord: 0.0ms | Allocations: 204)


Started GET "/" for ::1 at 2024-07-07 16:00:12 +0900
Processing by Rails::WelcomeController#index as HTML
  Rendering /Users/j.em.in/.rbenv/versions/3.3.3/lib/ruby/gems/3.3.0/gems/railties-7.1.3.4/lib/rails/templates/rails/welcome/index.html.erb
  Rendered /Users/j.em.in/.rbenv/versions/3.3.3/lib/ruby/gems/3.3.0/gems/railties-7.1.3.4/lib/rails/templates/rails/welcome/index.html.erb (Duration: 0.0ms | Allocations: 13)
Completed 200 OK in 0ms (Views: 0.2ms | ActiveRecord: 0.0ms | Allocations: 201)


Started GET "/users/sign_in" for ::1 at 2024-07-07 16:04:22 +0900
  [1m[36mActiveRecord::SchemaMigration Load (0.1ms)[0m  [1m[34mSELECT "schema_migrations"."version" FROM "schema_migrations" ORDER BY "schema_migrations"."version" ASC[0m
Processing by Devise::SessionsController#new as HTML
  [1m[36mUser Load (0.1ms)[0m  [1m[34mSELECT "users".* FROM "users" WHERE "users"."id" = ? ORDER BY "users"."id" ASC LIMIT ?[0m  [["id", 1], ["LIMIT", 1]]
Redirected to http://localhost:3000/home/top
Filter chain halted as :require_no_authentication rendered or redirected
Completed 302 Found in 17ms (ActiveRecord: 1.0ms | Allocations: 19395)


Started GET "/home/top" for ::1 at 2024-07-07 16:04:22 +0900
Processing by HomeController#top as HTML
  Rendering layout layouts/application.html.erb
  Rendering home/top.html.erb within layouts/application
  Rendered home/top.html.erb within layouts/application (Duration: 0.4ms | Allocations: 360)
  Rendered layout layouts/application.html.erb (Duration: 36.2ms | Allocations: 33970)
Completed 200 OK in 41ms (Views: 38.2ms | ActiveRecord: 0.0ms | Allocations: 37363)


Started DELETE "/users/sign_out?_method=delete" for ::1 at 2024-07-07 16:04:24 +0900
Processing by Devise::SessionsController#destroy as TURBO_STREAM
  [1m[36mUser Load (1.6ms)[0m  [1m[34mSELECT "users".* FROM "users" WHERE "users"."id" = ? ORDER BY "users"."id" ASC LIMIT ?[0m  [["id", 1], ["LIMIT", 1]]
Redirected to http://localhost:3000/users/sign_in
Completed 303 See Other in 12ms (ActiveRecord: 1.6ms | Allocations: 2933)


Started GET "/users/sign_in" for ::1 at 2024-07-07 16:04:24 +0900
Processing by Devise::SessionsController#new as TURBO_STREAM
  Rendering layout layouts/application.html.erb
  Rendering devise/sessions/new.html.erb within layouts/application
  Rendered devise/shared/_links.html.erb (Duration: 0.6ms | Allocations: 544)
  Rendered devise/sessions/new.html.erb within layouts/application (Duration: 6.7ms | Allocations: 3052)
  Rendered layout layouts/application.html.erb (Duration: 7.8ms | Allocations: 4181)
Completed 200 OK in 12ms (Views: 9.9ms | ActiveRecord: 0.0ms | Allocations: 5564)


Started POST "/users/sign_in" for ::1 at 2024-07-07 16:04:30 +0900
Processing by Devise::SessionsController#create as TURBO_STREAM
  Parameters: {"authenticity_token"=>"[FILTERED]", "user"=>{"email"=>"user1@example.com", "password"=>"[FILTERED]", "remember_me"=>"0"}, "commit"=>"Log in"}
  [1m[36mUser Load (0.4ms)[0m  [1m[34mSELECT "users".* FROM "users" WHERE "users"."email" = ? ORDER BY "users"."id" ASC LIMIT ?[0m  [["email", "user1@example.com"], ["LIMIT", 1]]
Redirected to http://localhost:3000/home/top
Completed 303 See Other in 306ms (ActiveRecord: 0.4ms | Allocations: 4049)


Started GET "/home/top" for ::1 at 2024-07-07 16:04:31 +0900
Processing by HomeController#top as TURBO_STREAM
  Rendering layout layouts/application.html.erb
  Rendering home/top.html.erb within layouts/application
  Rendered home/top.html.erb within layouts/application (Duration: 0.1ms | Allocations: 63)
  Rendered layout layouts/application.html.erb (Duration: 1.1ms | Allocations: 1505)
Completed 200 OK in 1ms (Views: 1.2ms | ActiveRecord: 0.0ms | Allocations: 1792)


Started GET "/users/edit" for ::1 at 2024-07-07 16:04:31 +0900
Processing by Devise::RegistrationsController#edit as HTML
  [1m[36mUser Load (0.2ms)[0m  [1m[34mSELECT "users".* FROM "users" WHERE "users"."id" = ? ORDER BY "users"."id" ASC LIMIT ?[0m  [["id", 1], ["LIMIT", 1]]
  Rendering layout layouts/application.html.erb
  Rendering devise/registrations/edit.html.erb within layouts/application
  Rendered devise/shared/_error_messages.html.erb (Duration: 0.7ms | Allocations: 212)
  Rendered devise/registrations/edit.html.erb within layouts/application (Duration: 5.0ms | Allocations: 1956)
  Rendered layout layouts/application.html.erb (Duration: 6.6ms | Allocations: 3014)
Completed 200 OK in 13ms (Views: 9.0ms | ActiveRecord: 0.1ms | Allocations: 5227)


Started PUT "/users" for ::1 at 2024-07-07 16:04:36 +0900
Processing by Devise::RegistrationsController#update as TURBO_STREAM
  Parameters: {"authenticity_token"=>"[FILTERED]", "user"=>{"email"=>"user1@example.com", "password"=>"[FILTERED]", "password_confirmation"=>"[FILTERED]", "current_password"=>"[FILTERED]"}, "commit"=>"Update"}
  [1m[36mUser Load (0.1ms)[0m  [1m[34mSELECT "users".* FROM "users" WHERE "users"."id" = ? ORDER BY "users"."id" ASC LIMIT ?[0m  [["id", 1], ["LIMIT", 1]]
  [1m[36mUser Load (0.3ms)[0m  [1m[34mSELECT "users".* FROM "users" WHERE "users"."id" = ? LIMIT ?[0m  [["id", 1], ["LIMIT", 1]]
Redirected to http://localhost:3000/
Completed 303 See Other in 299ms (ActiveRecord: 0.4ms | Allocations: 4969)


Started GET "/" for ::1 at 2024-07-07 16:04:36 +0900
Processing by Rails::WelcomeController#index as TURBO_STREAM
  Rendering /Users/j.em.in/.rbenv/versions/3.3.3/lib/ruby/gems/3.3.0/gems/railties-7.1.3.4/lib/rails/templates/rails/welcome/index.html.erb
  Rendered /Users/j.em.in/.rbenv/versions/3.3.3/lib/ruby/gems/3.3.0/gems/railties-7.1.3.4/lib/rails/templates/rails/welcome/index.html.erb (Duration: 0.3ms | Allocations: 260)
Completed 200 OK in 2ms (Views: 0.8ms | ActiveRecord: 0.0ms | Allocations: 979)


Started GET "/" for ::1 at 2024-07-07 16:04:37 +0900
Processing by Rails::WelcomeController#index as HTML
  Rendering /Users/j.em.in/.rbenv/versions/3.3.3/lib/ruby/gems/3.3.0/gems/railties-7.1.3.4/lib/rails/templates/rails/welcome/index.html.erb
  Rendered /Users/j.em.in/.rbenv/versions/3.3.3/lib/ruby/gems/3.3.0/gems/railties-7.1.3.4/lib/rails/templates/rails/welcome/index.html.erb (Duration: 0.0ms | Allocations: 13)
Completed 200 OK in 0ms (Views: 0.2ms | ActiveRecord: 0.0ms | Allocations: 201)


Started PUT "/users" for ::1 at 2024-07-07 16:05:59 +0900
  [1m[36mActiveRecord::SchemaMigration Load (0.1ms)[0m  [1m[34mSELECT "schema_migrations"."version" FROM "schema_migrations" ORDER BY "schema_migrations"."version" ASC[0m
Processing by Users::RegistrationsController#update as TURBO_STREAM
  Parameters: {"authenticity_token"=>"[FILTERED]", "user"=>{"email"=>"user1@example.com", "password"=>"[FILTERED]", "password_confirmation"=>"[FILTERED]", "current_password"=>"[FILTERED]"}, "commit"=>"Update"}
  [1m[36mUser Load (0.0ms)[0m  [1m[34mSELECT "users".* FROM "users" WHERE "users"."id" = ? ORDER BY "users"."id" ASC LIMIT ?[0m  [["id", 1], ["LIMIT", 1]]
  [1m[36mUser Load (0.1ms)[0m  [1m[34mSELECT "users".* FROM "users" WHERE "users"."id" = ? LIMIT ?[0m  [["id", 1], ["LIMIT", 1]]
Redirected to http://localhost:3000/home/top
Completed 303 See Other in 284ms (ActiveRecord: 1.0ms | Allocations: 26343)


Started GET "/home/top" for ::1 at 2024-07-07 16:06:00 +0900
Processing by HomeController#top as TURBO_STREAM
  Rendering layout layouts/application.html.erb
  Rendering home/top.html.erb within layouts/application
  Rendered home/top.html.erb within layouts/application (Duration: 0.3ms | Allocations: 357)
  Rendered layout layouts/application.html.erb (Duration: 27.5ms | Allocations: 33939)
Completed 200 OK in 29ms (Views: 28.3ms | ActiveRecord: 0.0ms | Allocations: 35451)


Started GET "/users/edit" for ::1 at 2024-07-07 16:06:02 +0900
Processing by Users::RegistrationsController#edit as HTML
  [1m[36mUser Load (0.2ms)[0m  [1m[34mSELECT "users".* FROM "users" WHERE "users"."id" = ? ORDER BY "users"."id" ASC LIMIT ?[0m  [["id", 1], ["LIMIT", 1]]
  Rendering layout layouts/application.html.erb
  Rendering devise/registrations/edit.html.erb within layouts/application
  Rendered devise/shared/_error_messages.html.erb (Duration: 0.8ms | Allocations: 216)
  Rendered devise/registrations/edit.html.erb within layouts/application (Duration: 9.5ms | Allocations: 3108)
  Rendered layout layouts/application.html.erb (Duration: 11.0ms | Allocations: 4229)
Completed 200 OK in 19ms (Views: 13.7ms | ActiveRecord: 0.2ms | Allocations: 6529)


Started DELETE "/users/sign_out?_method=delete" for ::1 at 2024-07-07 16:06:03 +0900
Processing by Devise::SessionsController#destroy as TURBO_STREAM
  [1m[36mUser Load (0.1ms)[0m  [1m[34mSELECT "users".* FROM "users" WHERE "users"."id" = ? ORDER BY "users"."id" ASC LIMIT ?[0m  [["id", 1], ["LIMIT", 1]]
Redirected to http://localhost:3000/users/sign_in
Completed 303 See Other in 15ms (ActiveRecord: 0.1ms | Allocations: 2610)


Started GET "/users/sign_in" for ::1 at 2024-07-07 16:06:03 +0900
Processing by Devise::SessionsController#new as TURBO_STREAM
  Rendering layout layouts/application.html.erb
  Rendering devise/sessions/new.html.erb within layouts/application
  Rendered devise/shared/_links.html.erb (Duration: 1.7ms | Allocations: 533)
  Rendered devise/sessions/new.html.erb within layouts/application (Duration: 7.7ms | Allocations: 1888)
  Rendered layout layouts/application.html.erb (Duration: 11.0ms | Allocations: 2946)
Completed 200 OK in 16ms (Views: 12.7ms | ActiveRecord: 0.0ms | Allocations: 4009)


Started GET "/users/edit" for ::1 at 2024-07-07 16:13:25 +0900
  [1m[36mActiveRecord::SchemaMigration Load (0.1ms)[0m  [1m[34mSELECT "schema_migrations"."version" FROM "schema_migrations" ORDER BY "schema_migrations"."version" ASC[0m
Processing by Users::RegistrationsController#edit as HTML
  [1m[36mUser Load (0.2ms)[0m  [1m[34mSELECT "users".* FROM "users" WHERE "users"."id" = ? ORDER BY "users"."id" ASC LIMIT ?[0m  [["id", 1], ["LIMIT", 1]]
  Rendering layout layouts/application.html.erb
  Rendering devise/registrations/edit.html.erb within layouts/application
  Rendered devise/shared/_error_messages.html.erb (Duration: 0.2ms | Allocations: 225)
  Rendered devise/registrations/edit.html.erb within layouts/application (Duration: 3.4ms | Allocations: 3468)
  Rendered layout layouts/application.html.erb (Duration: 42.8ms | Allocations: 36650)
Completed 200 OK in 72ms (Views: 48.1ms | ActiveRecord: 1.2ms | Allocations: 59367)


Started GET "/users/edit" for ::1 at 2024-07-07 16:13:26 +0900
Processing by Users::RegistrationsController#edit as HTML
  [1m[36mUser Load (0.3ms)[0m  [1m[34mSELECT "users".* FROM "users" WHERE "users"."id" = ? ORDER BY "users"."id" ASC LIMIT ?[0m  [["id", 1], ["LIMIT", 1]]
  Rendering layout layouts/application.html.erb
  Rendering devise/registrations/edit.html.erb within layouts/application
  Rendered devise/shared/_error_messages.html.erb (Duration: 0.0ms | Allocations: 13)
  Rendered devise/registrations/edit.html.erb within layouts/application (Duration: 2.6ms | Allocations: 1110)
  Rendered layout layouts/application.html.erb (Duration: 4.6ms | Allocations: 2166)
Completed 200 OK in 10ms (Views: 5.2ms | ActiveRecord: 0.2ms | Allocations: 4045)


Started GET "/home/top" for ::1 at 2024-07-07 16:13:28 +0900
Processing by HomeController#top as HTML
  Rendering layout layouts/application.html.erb
  Rendering home/top.html.erb within layouts/application
  Rendered home/top.html.erb within layouts/application (Duration: 0.8ms | Allocations: 233)
  Rendered layout layouts/application.html.erb (Duration: 3.1ms | Allocations: 1755)
Completed 200 OK in 6ms (Views: 5.1ms | ActiveRecord: 0.0ms | Allocations: 2473)


Started DELETE "/users/sign_out?_method=delete" for ::1 at 2024-07-07 16:13:30 +0900
Processing by Devise::SessionsController#destroy as TURBO_STREAM
  [1m[36mUser Load (0.2ms)[0m  [1m[34mSELECT "users".* FROM "users" WHERE "users"."id" = ? ORDER BY "users"."id" ASC LIMIT ?[0m  [["id", 1], ["LIMIT", 1]]
Redirected to http://localhost:3000/users/sign_in
Completed 303 See Other in 8ms (ActiveRecord: 0.2ms | Allocations: 3054)


Started GET "/users/sign_in" for ::1 at 2024-07-07 16:13:30 +0900
Processing by Devise::SessionsController#new as TURBO_STREAM
  Rendering layout layouts/application.html.erb
  Rendering devise/sessions/new.html.erb within layouts/application
  Rendered devise/shared/_links.html.erb (Duration: 0.7ms | Allocations: 533)
  Rendered devise/sessions/new.html.erb within layouts/application (Duration: 4.1ms | Allocations: 1891)
  Rendered layout layouts/application.html.erb (Duration: 5.4ms | Allocations: 2949)
Completed 200 OK in 9ms (Views: 6.5ms | ActiveRecord: 0.0ms | Allocations: 4084)


Started GET "/users/sign_in" for ::1 at 2024-07-07 16:13:31 +0900
Processing by Devise::SessionsController#new as HTML
  Rendering layout layouts/application.html.erb
  Rendering devise/sessions/new.html.erb within layouts/application
  Rendered devise/shared/_links.html.erb (Duration: 0.2ms | Allocations: 111)
  Rendered devise/sessions/new.html.erb within layouts/application (Duration: 1.9ms | Allocations: 864)
  Rendered layout layouts/application.html.erb (Duration: 18.6ms | Allocations: 1919)
Completed 200 OK in 21ms (Views: 19.4ms | ActiveRecord: 0.0ms | Allocations: 2703)


Started GET "/users/sign_in" for ::1 at 2024-07-07 16:14:01 +0900
  [1m[36mActiveRecord::SchemaMigration Load (0.1ms)[0m  [1m[34mSELECT "schema_migrations"."version" FROM "schema_migrations" ORDER BY "schema_migrations"."version" ASC[0m
Processing by Devise::SessionsController#new as HTML
  Rendering layout layouts/application.html.erb
  Rendering devise/sessions/new.html.erb within layouts/application
  Rendered devise/sessions/new.html.erb within layouts/application (Duration: 2.3ms | Allocations: 2217)
  Rendered layout layouts/application.html.erb (Duration: 38.0ms | Allocations: 35424)
Completed 200 OK in 63ms (Views: 43.3ms | ActiveRecord: 0.9ms | Allocations: 54232)


Started GET "/users/sign_in" for ::1 at 2024-07-07 16:20:52 +0900
  [1m[36mActiveRecord::SchemaMigration Load (0.1ms)[0m  [1m[34mSELECT "schema_migrations"."version" FROM "schema_migrations" ORDER BY "schema_migrations"."version" ASC[0m
Processing by Devise::SessionsController#new as HTML
  Rendering layout layouts/application.html.erb
  Rendering devise/sessions/new.html.erb within layouts/application
  Rendered devise/sessions/new.html.erb within layouts/application (Duration: 2.6ms | Allocations: 2217)
  Rendered layout layouts/application.html.erb (Duration: 38.4ms | Allocations: 35399)
Completed 200 OK in 64ms (Views: 43.9ms | ActiveRecord: 1.1ms | Allocations: 54214)


Started POST "/users/sign_in" for ::1 at 2024-07-07 16:20:59 +0900
Processing by Devise::SessionsController#create as TURBO_STREAM
  Parameters: {"authenticity_token"=>"[FILTERED]", "user"=>{"email"=>"user1@example.com", "password"=>"[FILTERED]"}, "commit"=>"Log in"}
  [1m[36mUser Load (0.2ms)[0m  [1m[34mSELECT "users".* FROM "users" WHERE "users"."email" = ? ORDER BY "users"."id" ASC LIMIT ?[0m  [["email", "user1@example.com"], ["LIMIT", 1]]
Redirected to http://localhost:3000/home/top
Completed 303 See Other in 303ms (ActiveRecord: 0.2ms | Allocations: 7031)


Started GET "/home/top" for ::1 at 2024-07-07 16:20:59 +0900
Processing by HomeController#top as TURBO_STREAM
  Rendering layout layouts/application.html.erb
  Rendering home/top.html.erb within layouts/application
  Rendered home/top.html.erb within layouts/application (Duration: 0.4ms | Allocations: 230)
  Rendered layout layouts/application.html.erb (Duration: 1.2ms | Allocations: 1749)
Completed 200 OK in 2ms (Views: 1.8ms | ActiveRecord: 0.0ms | Allocations: 2512)


Started GET "/users/edit" for ::1 at 2024-07-07 16:21:02 +0900
Processing by Users::RegistrationsController#edit as HTML
  [1m[36mUser Load (0.3ms)[0m  [1m[34mSELECT "users".* FROM "users" WHERE "users"."id" = ? ORDER BY "users"."id" ASC LIMIT ?[0m  [["id", 1], ["LIMIT", 1]]
  Rendering layout layouts/application.html.erb
  Rendering devise/registrations/edit.html.erb within layouts/application
  Rendered devise/shared/_error_messages.html.erb (Duration: 0.5ms | Allocations: 216)
  Rendered devise/registrations/edit.html.erb within layouts/application (Duration: 4.1ms | Allocations: 2012)
  Rendered layout layouts/application.html.erb (Duration: 5.8ms | Allocations: 3070)
Completed 200 OK in 13ms (Views: 8.0ms | ActiveRecord: 0.3ms | Allocations: 5532)


Started GET "/users/edit" for ::1 at 2024-07-07 16:21:03 +0900
Processing by Users::RegistrationsController#edit as HTML
  [1m[36mUser Load (0.1ms)[0m  [1m[34mSELECT "users".* FROM "users" WHERE "users"."id" = ? ORDER BY "users"."id" ASC LIMIT ?[0m  [["id", 1], ["LIMIT", 1]]
  Rendering layout layouts/application.html.erb
  Rendering devise/registrations/edit.html.erb within layouts/application
  Rendered devise/shared/_error_messages.html.erb (Duration: 0.0ms | Allocations: 13)
  Rendered devise/registrations/edit.html.erb within layouts/application (Duration: 2.3ms | Allocations: 1110)
  Rendered layout layouts/application.html.erb (Duration: 4.2ms | Allocations: 2165)
Completed 200 OK in 9ms (Views: 5.0ms | ActiveRecord: 0.1ms | Allocations: 4038)


Started GET "/users/edit" for ::1 at 2024-07-07 16:21:34 +0900
  [1m[36mActiveRecord::SchemaMigration Load (0.1ms)[0m  [1m[34mSELECT "schema_migrations"."version" FROM "schema_migrations" ORDER BY "schema_migrations"."version" ASC[0m
Processing by Users::RegistrationsController#edit as HTML
  [1m[36mUser Load (0.2ms)[0m  [1m[34mSELECT "users".* FROM "users" WHERE "users"."id" = ? ORDER BY "users"."id" ASC LIMIT ?[0m  [["id", 1], ["LIMIT", 1]]
  Rendering layout layouts/application.html.erb
  Rendering devise/registrations/edit.html.erb within layouts/application
  Rendered devise/shared/_error_messages.html.erb (Duration: 0.2ms | Allocations: 225)
  Rendered devise/registrations/edit.html.erb within layouts/application (Duration: 2.8ms | Allocations: 2892)
  Rendered layout layouts/application.html.erb (Duration: 39.3ms | Allocations: 36060)
Completed 200 OK in 68ms (Views: 44.4ms | ActiveRecord: 1.3ms | Allocations: 58771)


Started GET "/home/top" for ::1 at 2024-07-07 16:21:36 +0900
Processing by HomeController#top as HTML
  Rendering layout layouts/application.html.erb
  Rendering home/top.html.erb within layouts/application
  Rendered home/top.html.erb within layouts/application (Duration: 1.0ms | Allocations: 233)
  Rendered layout layouts/application.html.erb (Duration: 4.0ms | Allocations: 1746)
Completed 200 OK in 8ms (Views: 6.2ms | ActiveRecord: 0.0ms | Allocations: 2465)


Started GET "/users/edit" for ::1 at 2024-07-07 16:21:37 +0900
Processing by Users::RegistrationsController#edit as HTML
  [1m[36mUser Load (0.2ms)[0m  [1m[34mSELECT "users".* FROM "users" WHERE "users"."id" = ? ORDER BY "users"."id" ASC LIMIT ?[0m  [["id", 1], ["LIMIT", 1]]
  Rendering layout layouts/application.html.erb
  Rendering devise/registrations/edit.html.erb within layouts/application
  Rendered devise/shared/_error_messages.html.erb (Duration: 0.0ms | Allocations: 13)
  Rendered devise/registrations/edit.html.erb within layouts/application (Duration: 2.5ms | Allocations: 839)
  Rendered layout layouts/application.html.erb (Duration: 5.0ms | Allocations: 1894)
Completed 200 OK in 11ms (Views: 6.1ms | ActiveRecord: 0.2ms | Allocations: 3766)


Started GET "/home/top" for ::1 at 2024-07-07 16:21:39 +0900
Processing by HomeController#top as HTML
  Rendering layout layouts/application.html.erb
  Rendering home/top.html.erb within layouts/application
  Rendered home/top.html.erb within layouts/application (Duration: 0.2ms | Allocations: 63)
  Rendered layout layouts/application.html.erb (Duration: 2.5ms | Allocations: 1489)
Completed 200 OK in 4ms (Views: 3.0ms | ActiveRecord: 0.0ms | Allocations: 1730)


Started GET "/users/edit" for ::1 at 2024-07-07 16:21:40 +0900
Processing by Users::RegistrationsController#edit as HTML
  [1m[36mUser Load (0.2ms)[0m  [1m[34mSELECT "users".* FROM "users" WHERE "users"."id" = ? ORDER BY "users"."id" ASC LIMIT ?[0m  [["id", 1], ["LIMIT", 1]]
  Rendering layout layouts/application.html.erb
  Rendering devise/registrations/edit.html.erb within layouts/application
  Rendered devise/shared/_error_messages.html.erb (Duration: 0.1ms | Allocations: 13)
  Rendered devise/registrations/edit.html.erb within layouts/application (Duration: 2.3ms | Allocations: 817)
  Rendered layout layouts/application.html.erb (Duration: 4.6ms | Allocations: 1872)
Completed 200 OK in 10ms (Views: 5.4ms | ActiveRecord: 0.1ms | Allocations: 3740)


Started PUT "/users" for ::1 at 2024-07-07 16:21:51 +0900
Processing by Users::RegistrationsController#update as TURBO_STREAM
  Parameters: {"authenticity_token"=>"[FILTERED]", "user"=>{"password"=>"[FILTERED]", "password_confirmation"=>"[FILTERED]", "current_password"=>"[FILTERED]"}, "commit"=>"Update"}
  [1m[36mUser Load (0.2ms)[0m  [1m[34mSELECT "users".* FROM "users" WHERE "users"."id" = ? ORDER BY "users"."id" ASC LIMIT ?[0m  [["id", 1], ["LIMIT", 1]]
  [1m[36mUser Load (0.2ms)[0m  [1m[34mSELECT "users".* FROM "users" WHERE "users"."id" = ? LIMIT ?[0m  [["id", 1], ["LIMIT", 1]]
  [1m[36mTRANSACTION (0.0ms)[0m  [1m[36mbegin transaction[0m
  [1m[36mUser Update (6.0ms)[0m  [1m[33mUPDATE "users" SET "encrypted_password" = ?, "updated_at" = ? WHERE "users"."id" = ?[0m  [["encrypted_password", "[FILTERED]"], ["updated_at", "2024-07-07 07:21:52.097895"], ["id", 1]]
  [1m[36mTRANSACTION (0.6ms)[0m  [1m[36mcommit transaction[0m
Redirected to http://localhost:3000/home/top
Completed 303 See Other in 566ms (ActiveRecord: 7.1ms | Allocations: 10624)


Started GET "/home/top" for ::1 at 2024-07-07 16:21:52 +0900
Processing by HomeController#top as TURBO_STREAM
  Rendering layout layouts/application.html.erb
  Rendering home/top.html.erb within layouts/application
  Rendered home/top.html.erb within layouts/application (Duration: 0.1ms | Allocations: 63)
  Rendered layout layouts/application.html.erb (Duration: 0.8ms | Allocations: 1510)
Completed 200 OK in 1ms (Views: 0.9ms | ActiveRecord: 0.0ms | Allocations: 1797)


Started GET "/users/edit" for ::1 at 2024-07-07 16:21:57 +0900
Processing by Users::RegistrationsController#edit as HTML
  [1m[36mUser Load (0.2ms)[0m  [1m[34mSELECT "users".* FROM "users" WHERE "users"."id" = ? ORDER BY "users"."id" ASC LIMIT ?[0m  [["id", 1], ["LIMIT", 1]]
  Rendering layout layouts/application.html.erb
  Rendering devise/registrations/edit.html.erb within layouts/application
  Rendered devise/shared/_error_messages.html.erb (Duration: 0.0ms | Allocations: 13)
  Rendered devise/registrations/edit.html.erb within layouts/application (Duration: 2.2ms | Allocations: 818)
  Rendered layout layouts/application.html.erb (Duration: 4.3ms | Allocations: 1878)
Completed 200 OK in 12ms (Views: 5.4ms | ActiveRecord: 0.2ms | Allocations: 3762)


Started DELETE "/users/sign_out?_method=delete" for ::1 at 2024-07-07 16:21:58 +0900
Processing by Devise::SessionsController#destroy as TURBO_STREAM
  [1m[36mUser Load (0.2ms)[0m  [1m[34mSELECT "users".* FROM "users" WHERE "users"."id" = ? ORDER BY "users"."id" ASC LIMIT ?[0m  [["id", 1], ["LIMIT", 1]]
Redirected to http://localhost:3000/users/sign_in
Completed 303 See Other in 10ms (ActiveRecord: 0.2ms | Allocations: 2561)


Started GET "/users/sign_in" for ::1 at 2024-07-07 16:21:58 +0900
Processing by Devise::SessionsController#new as TURBO_STREAM
  Rendering layout layouts/application.html.erb
  Rendering devise/sessions/new.html.erb within layouts/application
  Rendered devise/sessions/new.html.erb within layouts/application (Duration: 2.1ms | Allocations: 893)
  Rendered layout layouts/application.html.erb (Duration: 3.5ms | Allocations: 1952)
Completed 200 OK in 7ms (Views: 4.6ms | ActiveRecord: 0.0ms | Allocations: 3013)


Started POST "/users/sign_in" for ::1 at 2024-07-07 16:22:04 +0900
Processing by Devise::SessionsController#create as TURBO_STREAM
  Parameters: {"authenticity_token"=>"[FILTERED]", "user"=>{"email"=>"user1@example.com", "password"=>"[FILTERED]"}, "commit"=>"Log in"}
  [1m[36mUser Load (0.2ms)[0m  [1m[34mSELECT "users".* FROM "users" WHERE "users"."email" = ? ORDER BY "users"."id" ASC LIMIT ?[0m  [["email", "user1@example.com"], ["LIMIT", 1]]
Completed 401 Unauthorized in 304ms (ActiveRecord: 0.2ms | Allocations: 3735)


Processing by Devise::SessionsController#new as TURBO_STREAM
  Parameters: {"authenticity_token"=>"[FILTERED]", "user"=>{"email"=>"user1@example.com", "password"=>"[FILTERED]"}, "commit"=>"Log in"}
  Rendering layout layouts/application.html.erb
  Rendering devise/sessions/new.html.erb within layouts/application
  Rendered devise/sessions/new.html.erb within layouts/application (Duration: 0.6ms | Allocations: 511)
  Rendered layout layouts/application.html.erb (Duration: 1.5ms | Allocations: 1566)
Completed 200 OK in 263ms (Views: 1.9ms | ActiveRecord: 0.0ms | Allocations: 2049)


Started POST "/users/sign_in" for ::1 at 2024-07-07 16:22:08 +0900
Processing by Devise::SessionsController#create as TURBO_STREAM
  Parameters: {"authenticity_token"=>"[FILTERED]", "user"=>{"email"=>"user1@example.com", "password"=>"[FILTERED]"}, "commit"=>"Log in"}
  [1m[36mUser Load (0.2ms)[0m  [1m[34mSELECT "users".* FROM "users" WHERE "users"."email" = ? ORDER BY "users"."id" ASC LIMIT ?[0m  [["email", "user1@example.com"], ["LIMIT", 1]]
Completed 401 Unauthorized in 297ms (ActiveRecord: 0.2ms | Allocations: 1740)


Processing by Devise::SessionsController#new as TURBO_STREAM
  Parameters: {"authenticity_token"=>"[FILTERED]", "user"=>{"email"=>"user1@example.com", "password"=>"[FILTERED]"}, "commit"=>"Log in"}
  Rendering layout layouts/application.html.erb
  Rendering devise/sessions/new.html.erb within layouts/application
  Rendered devise/sessions/new.html.erb within layouts/application (Duration: 5.2ms | Allocations: 504)
  Rendered layout layouts/application.html.erb (Duration: 6.0ms | Allocations: 1574)
Completed 200 OK in 265ms (Views: 6.3ms | ActiveRecord: 0.0ms | Allocations: 2053)


Started POST "/users/sign_in" for ::1 at 2024-07-07 16:22:13 +0900
Processing by Devise::SessionsController#create as TURBO_STREAM
  Parameters: {"authenticity_token"=>"[FILTERED]", "user"=>{"email"=>"user1@example.com", "password"=>"[FILTERED]"}, "commit"=>"Log in"}
  [1m[36mUser Load (0.1ms)[0m  [1m[34mSELECT "users".* FROM "users" WHERE "users"."email" = ? ORDER BY "users"."id" ASC LIMIT ?[0m  [["email", "user1@example.com"], ["LIMIT", 1]]
Redirected to http://localhost:3000/home/top
Completed 303 See Other in 301ms (ActiveRecord: 0.1ms | Allocations: 2870)


Started GET "/home/top" for ::1 at 2024-07-07 16:22:13 +0900
Processing by HomeController#top as TURBO_STREAM
  Rendering layout layouts/application.html.erb
  Rendering home/top.html.erb within layouts/application
  Rendered home/top.html.erb within layouts/application (Duration: 0.1ms | Allocations: 63)
  Rendered layout layouts/application.html.erb (Duration: 1.0ms | Allocations: 1499)
Completed 200 OK in 1ms (Views: 1.1ms | ActiveRecord: 0.0ms | Allocations: 1741)


Started GET "/users/edit" for ::1 at 2024-07-07 16:22:14 +0900
Processing by Users::RegistrationsController#edit as HTML
  [1m[36mUser Load (0.2ms)[0m  [1m[34mSELECT "users".* FROM "users" WHERE "users"."id" = ? ORDER BY "users"."id" ASC LIMIT ?[0m  [["id", 1], ["LIMIT", 1]]
  Rendering layout layouts/application.html.erb
  Rendering devise/registrations/edit.html.erb within layouts/application
  Rendered devise/shared/_error_messages.html.erb (Duration: 0.0ms | Allocations: 13)
  Rendered devise/registrations/edit.html.erb within layouts/application (Duration: 2.7ms | Allocations: 817)
  Rendered layout layouts/application.html.erb (Duration: 5.6ms | Allocations: 1874)
Completed 200 OK in 13ms (Views: 6.6ms | ActiveRecord: 0.2ms | Allocations: 3719)


Started PUT "/users" for ::1 at 2024-07-07 16:22:31 +0900
Processing by Users::RegistrationsController#update as TURBO_STREAM
  Parameters: {"authenticity_token"=>"[FILTERED]", "user"=>{"password"=>"[FILTERED]", "password_confirmation"=>"[FILTERED]", "current_password"=>"[FILTERED]"}, "commit"=>"Update"}
  [1m[36mUser Load (0.2ms)[0m  [1m[34mSELECT "users".* FROM "users" WHERE "users"."id" = ? ORDER BY "users"."id" ASC LIMIT ?[0m  [["id", 1], ["LIMIT", 1]]
  [1m[36mUser Load (0.1ms)[0m  [1m[34mSELECT "users".* FROM "users" WHERE "users"."id" = ? LIMIT ?[0m  [["id", 1], ["LIMIT", 1]]
  Rendering layout layouts/application.html.erb
  Rendering devise/registrations/edit.html.erb within layouts/application
  Rendered devise/shared/_error_messages.html.erb (Duration: 0.3ms | Allocations: 460)
  Rendered devise/registrations/edit.html.erb within layouts/application (Duration: 1.3ms | Allocations: 1706)
  Rendered layout layouts/application.html.erb (Duration: 2.1ms | Allocations: 2762)
Completed 422 Unprocessable Content in 560ms (Views: 2.3ms | ActiveRecord: 0.3ms | Allocations: 6515)


Started PUT "/users" for ::1 at 2024-07-07 16:22:51 +0900
Processing by Users::RegistrationsController#update as TURBO_STREAM
  Parameters: {"authenticity_token"=>"[FILTERED]", "user"=>{"password"=>"[FILTERED]", "password_confirmation"=>"[FILTERED]", "current_password"=>"[FILTERED]"}, "commit"=>"Update"}
  [1m[36mUser Load (0.1ms)[0m  [1m[34mSELECT "users".* FROM "users" WHERE "users"."id" = ? ORDER BY "users"."id" ASC LIMIT ?[0m  [["id", 1], ["LIMIT", 1]]
  [1m[36mUser Load (0.1ms)[0m  [1m[34mSELECT "users".* FROM "users" WHERE "users"."id" = ? LIMIT ?[0m  [["id", 1], ["LIMIT", 1]]
  [1m[36mTRANSACTION (0.0ms)[0m  [1m[36mbegin transaction[0m
  [1m[36mUser Update (0.7ms)[0m  [1m[33mUPDATE "users" SET "encrypted_password" = ?, "updated_at" = ? WHERE "users"."id" = ?[0m  [["encrypted_password", "[FILTERED]"], ["updated_at", "2024-07-07 07:22:51.792903"], ["id", 1]]
  [1m[36mTRANSACTION (0.9ms)[0m  [1m[36mcommit transaction[0m
Redirected to http://localhost:3000/home/top
Completed 303 See Other in 561ms (ActiveRecord: 1.9ms | Allocations: 6929)


Started GET "/home/top" for ::1 at 2024-07-07 16:22:51 +0900
Processing by HomeController#top as TURBO_STREAM
  Rendering layout layouts/application.html.erb
  Rendering home/top.html.erb within layouts/application
  Rendered home/top.html.erb within layouts/application (Duration: 0.1ms | Allocations: 63)
  Rendered layout layouts/application.html.erb (Duration: 0.8ms | Allocations: 1525)
Completed 200 OK in 1ms (Views: 1.0ms | ActiveRecord: 0.0ms | Allocations: 1769)


Started GET "/users/edit" for ::1 at 2024-07-07 16:22:52 +0900
Processing by Users::RegistrationsController#edit as HTML
  [1m[36mUser Load (0.1ms)[0m  [1m[34mSELECT "users".* FROM "users" WHERE "users"."id" = ? ORDER BY "users"."id" ASC LIMIT ?[0m  [["id", 1], ["LIMIT", 1]]
  Rendering layout layouts/application.html.erb
  Rendering devise/registrations/edit.html.erb within layouts/application
  Rendered devise/shared/_error_messages.html.erb (Duration: 0.0ms | Allocations: 13)
  Rendered devise/registrations/edit.html.erb within layouts/application (Duration: 3.3ms | Allocations: 817)
  Rendered layout layouts/application.html.erb (Duration: 5.6ms | Allocations: 1887)
Completed 200 OK in 12ms (Views: 6.5ms | ActiveRecord: 0.1ms | Allocations: 3753)


Started DELETE "/users/sign_out?_method=delete" for ::1 at 2024-07-07 16:22:53 +0900
Processing by Devise::SessionsController#destroy as TURBO_STREAM
  [1m[36mUser Load (0.1ms)[0m  [1m[34mSELECT "users".* FROM "users" WHERE "users"."id" = ? ORDER BY "users"."id" ASC LIMIT ?[0m  [["id", 1], ["LIMIT", 1]]
Redirected to http://localhost:3000/users/sign_in
Completed 303 See Other in 6ms (ActiveRecord: 0.1ms | Allocations: 1908)


Started GET "/users/sign_in" for ::1 at 2024-07-07 16:22:53 +0900
Processing by Devise::SessionsController#new as TURBO_STREAM
  Rendering layout layouts/application.html.erb
  Rendering devise/sessions/new.html.erb within layouts/application
  Rendered devise/sessions/new.html.erb within layouts/application (Duration: 1.0ms | Allocations: 519)
  Rendered layout layouts/application.html.erb (Duration: 2.7ms | Allocations: 1576)
Completed 200 OK in 5ms (Views: 3.5ms | ActiveRecord: 0.0ms | Allocations: 2348)


Started GET "/home/top" for ::1 at 2024-07-07 16:22:54 +0900
Processing by HomeController#top as HTML
  Rendering layout layouts/application.html.erb
  Rendering home/top.html.erb within layouts/application
  Rendered home/top.html.erb within layouts/application (Duration: 0.2ms | Allocations: 63)
  Rendered layout layouts/application.html.erb (Duration: 2.7ms | Allocations: 1510)
Completed 200 OK in 4ms (Views: 3.2ms | ActiveRecord: 0.0ms | Allocations: 1749)


Started GET "/users/edit" for ::1 at 2024-07-07 16:22:55 +0900
Processing by Users::RegistrationsController#edit as HTML
Completed 401 Unauthorized in 1ms (ActiveRecord: 0.0ms | Allocations: 457)


Started GET "/users/sign_in" for ::1 at 2024-07-07 16:22:55 +0900
Processing by Devise::SessionsController#new as HTML
  Rendering layout layouts/application.html.erb
  Rendering devise/sessions/new.html.erb within layouts/application
  Rendered devise/sessions/new.html.erb within layouts/application (Duration: 1.0ms | Allocations: 516)
  Rendered layout layouts/application.html.erb (Duration: 2.6ms | Allocations: 1572)
Completed 200 OK in 4ms (Views: 3.0ms | ActiveRecord: 0.0ms | Allocations: 2355)


Started GET "/home/top" for ::1 at 2024-07-07 16:23:13 +0900
Processing by HomeController#top as HTML
  Rendering layout layouts/application.html.erb
  Rendering home/top.html.erb within layouts/application
  Rendered home/top.html.erb within layouts/application (Duration: 0.2ms | Allocations: 63)
  Rendered layout layouts/application.html.erb (Duration: 2.6ms | Allocations: 1496)
Completed 200 OK in 4ms (Views: 3.1ms | ActiveRecord: 0.0ms | Allocations: 1735)


Started DELETE "/users/sign_out?_method=delete" for ::1 at 2024-07-07 16:23:16 +0900
Processing by Devise::SessionsController#destroy as TURBO_STREAM
Redirected to http://localhost:3000/users/sign_in
Filter chain halted as :verify_signed_out_user rendered or redirected
Completed 303 See Other in 2ms (ActiveRecord: 0.0ms | Allocations: 634)


Started GET "/users/sign_in" for ::1 at 2024-07-07 16:23:16 +0900
Processing by Devise::SessionsController#new as TURBO_STREAM
  Rendering layout layouts/application.html.erb
  Rendering devise/sessions/new.html.erb within layouts/application
  Rendered devise/sessions/new.html.erb within layouts/application (Duration: 1.0ms | Allocations: 516)
  Rendered layout layouts/application.html.erb (Duration: 2.6ms | Allocations: 1586)
Completed 200 OK in 4ms (Views: 3.1ms | ActiveRecord: 0.0ms | Allocations: 2389)


Started GET "/users/sign_in" for ::1 at 2024-07-07 16:23:17 +0900
Processing by Devise::SessionsController#new as HTML
  Rendering layout layouts/application.html.erb
  Rendering devise/sessions/new.html.erb within layouts/application
  Rendered devise/sessions/new.html.erb within layouts/application (Duration: 1.4ms | Allocations: 516)
  Rendered layout layouts/application.html.erb (Duration: 3.4ms | Allocations: 1586)
Completed 200 OK in 6ms (Views: 4.0ms | ActiveRecord: 0.0ms | Allocations: 2372)


Started GET "/home/top" for ::1 at 2024-07-07 16:23:17 +0900
Processing by HomeController#top as HTML
  Rendering layout layouts/application.html.erb
  Rendering home/top.html.erb within layouts/application
  Rendered home/top.html.erb within layouts/application (Duration: 0.2ms | Allocations: 63)
  Rendered layout layouts/application.html.erb (Duration: 2.7ms | Allocations: 1475)
Completed 200 OK in 4ms (Views: 3.2ms | ActiveRecord: 0.0ms | Allocations: 1714)


